<?xml version="1.0" encoding="UTF-8"?>
<!-- Generated by org.testng.reporters.JUnitXMLReporter -->
<testsuite hostname="DESKTOP-E2ICRIA" name="Test" tests="2" failures="2" timestamp="28 Jul 2019 12:35:51 GMT" time="0.593" errors="0">
  <testcase name="testValidSignInPage" time="0.538" classname="scripts.TestSignInPage">
    <failure type="java.lang.NullPointerException">
      <![CDATA[java.lang.NullPointerException
	at org.openqa.selenium.support.pagefactory.DefaultElementLocator.findElement(DefaultElementLocator.java:69)
	at org.openqa.selenium.support.pagefactory.internal.LocatingElementHandler.invoke(LocatingElementHandler.java:38)
	at com.sun.proxy.$Proxy8.sendKeys(Unknown Source)
	at pages.SignInPage.setUsername(SignInPage.java:25)
	at scripts.TestSignInPage.testValidSignInPage(TestSignInPage.java:20)
... Removed 25 stack frames]]>
    </failure>
  </testcase> <!-- testValidSignInPage -->
  <testcase name="testCanvasCreation" time="0.039" classname="scripts.TestCanvasCreation">
    <failure type="java.lang.NullPointerException">
      <![CDATA[java.lang.NullPointerException
	at org.openqa.selenium.support.pagefactory.DefaultElementLocator.findElement(DefaultElementLocator.java:69)
	at org.openqa.selenium.support.pagefactory.internal.LocatingElementHandler.invoke(LocatingElementHandler.java:38)
	at com.sun.proxy.$Proxy8.sendKeys(Unknown Source)
	at pages.SignInPage.setUsername(SignInPage.java:25)
	at scripts.TestCanvasCreation.testCanvasCreation(TestCanvasCreation.java:26)
... Removed 25 stack frames]]>
    </failure>
  </testcase> <!-- testCanvasCreation -->
</testsuite> <!-- Test -->
